<?xml version="1.0" encoding="UTF-8"?>
<testng-results ignored="0" total="16" passed="13" failed="3" skipped="0">
  <reporter-output>
  </reporter-output>
  <suite started-at="2025-03-19T09:41:33 IST" name="Cucumber Test Suite" finished-at="2025-03-19T09:45:58 IST" duration-ms="264888">
    <groups>
      <group name="cucumber">
        <method signature="AbstractTestNGCucumberTests.runScenario(io.cucumber.testng.PickleWrapper,io.cucumber.testng.FeatureWrapper)[pri:0, instance:runners.TestRunner@f5958c9]" name="runScenario" class="io.cucumber.testng.AbstractTestNGCucumberTests"/>
      </group> <!-- cucumber -->
    </groups>
    <test started-at="2025-03-19T09:41:33 IST" name="ZeroBank Tests" finished-at="2025-03-19T09:45:58 IST" duration-ms="264888">
      <class name="runners.TestRunner">
        <test-method is-config="true" signature="setUpClass(org.testng.ITestContext)[pri:0, instance:runners.TestRunner@f5958c9]" started-at="2025-03-19T09:41:33 IST" name="setUpClass" finished-at="2025-03-19T09:41:34 IST" duration-ms="1184" status="PASS">
          <params>
            <param index="0">
              <value>
                <![CDATA[org.testng.TestRunner@779448b8]]>
              </value>
            </param>
          </params>
          <reporter-output>
          </reporter-output>
        </test-method> <!-- setUpClass -->
        <test-method signature="runScenario(io.cucumber.testng.PickleWrapper,io.cucumber.testng.FeatureWrapper)[pri:0, instance:runners.TestRunner@f5958c9]" started-at="2025-03-19T09:41:34 IST" name="runScenario" description="Runs Cucumber Scenarios" data-provider="scenarios" finished-at="2025-03-19T09:41:56 IST" duration-ms="21766" status="PASS">
          <params>
            <param index="0">
              <value>
                <![CDATA["Navigate to Account Summary and Verify Account Types"]]>
              </value>
            </param>
            <param index="1">
              <value>
                <![CDATA["Account Summary Functionality"]]>
              </value>
            </param>
          </params>
          <reporter-output>
          </reporter-output>
        </test-method> <!-- runScenario -->
        <test-method signature="runScenario(io.cucumber.testng.PickleWrapper,io.cucumber.testng.FeatureWrapper)[pri:0, instance:runners.TestRunner@f5958c9]" started-at="2025-03-19T09:41:56 IST" name="runScenario" description="Runs Cucumber Scenarios" data-provider="scenarios" finished-at="2025-03-19T09:42:14 IST" duration-ms="17709" status="PASS">
          <params>
            <param index="0">
              <value>
                <![CDATA["Verify that all expected account types are displayed"]]>
              </value>
            </param>
            <param index="1">
              <value>
                <![CDATA["Verifying Account types"]]>
              </value>
            </param>
          </params>
          <reporter-output>
          </reporter-output>
        </test-method> <!-- runScenario -->
        <test-method signature="runScenario(io.cucumber.testng.PickleWrapper,io.cucumber.testng.FeatureWrapper)[pri:0, instance:runners.TestRunner@f5958c9]" started-at="2025-03-19T09:42:14 IST" name="runScenario" description="Runs Cucumber Scenarios" data-provider="scenarios" finished-at="2025-03-19T09:42:35 IST" duration-ms="21249" status="PASS">
          <params>
            <param index="0">
              <value>
                <![CDATA["Successfully Add a New Payee"]]>
              </value>
            </param>
            <param index="1">
              <value>
                <![CDATA["Add a New Payee"]]>
              </value>
            </param>
          </params>
          <reporter-output>
          </reporter-output>
        </test-method> <!-- runScenario -->
        <test-method signature="runScenario(io.cucumber.testng.PickleWrapper,io.cucumber.testng.FeatureWrapper)[pri:0, instance:runners.TestRunner@f5958c9]" started-at="2025-03-19T09:42:35 IST" name="runScenario" description="Runs Cucumber Scenarios" data-provider="scenarios" finished-at="2025-03-19T09:42:40 IST" duration-ms="4520" status="PASS">
          <params>
            <param index="0">
              <value>
                <![CDATA["User tries to login without entering credentials"]]>
              </value>
            </param>
            <param index="1">
              <value>
                <![CDATA["Empty Login Fields"]]>
              </value>
            </param>
          </params>
          <reporter-output>
          </reporter-output>
        </test-method> <!-- runScenario -->
        <test-method signature="runScenario(io.cucumber.testng.PickleWrapper,io.cucumber.testng.FeatureWrapper)[pri:0, instance:runners.TestRunner@f5958c9]" started-at="2025-03-19T09:42:40 IST" name="runScenario" description="Runs Cucumber Scenarios" data-provider="scenarios" finished-at="2025-03-19T09:42:57 IST" duration-ms="17773" status="FAIL">
          <params>
            <param index="0">
              <value>
                <![CDATA["Excess fund transfer between accounts"]]>
              </value>
            </param>
            <param index="1">
              <value>
                <![CDATA["Excess Fund Transfer"]]>
              </value>
            </param>
          </params>
          <exception class="java.lang.AssertionError">
            <message>
              <![CDATA[Error message mismatch! expected [true] but found [false]]]>
            </message>
            <full-stacktrace>
              <![CDATA[java.lang.AssertionError: Error message mismatch! expected [true] but found [false]
at org.testng.Assert.fail(Assert.java:99)
at org.testng.Assert.failNotEquals(Assert.java:1037)
at org.testng.Assert.assertTrue(Assert.java:45)
at stepDefinitions.ExcessFundSteps.user_should_see_the_error_message_excess(ExcessFundSteps.java:84)
at ✽.User should see the error message "Insufficient funds" for excess fund transfer(file:///C:/Users/dpraj/OneDrive/Desktop/Zero_Bank_demo/Zero_Capston_Project_demo/src/test/resources/features/ExcessFund.feature:12)
]]>
            </full-stacktrace>
          </exception> <!-- java.lang.AssertionError -->
          <reporter-output>
          </reporter-output>
        </test-method> <!-- runScenario -->
        <test-method signature="runScenario(io.cucumber.testng.PickleWrapper,io.cucumber.testng.FeatureWrapper)[pri:0, instance:runners.TestRunner@f5958c9]" started-at="2025-03-19T09:42:57 IST" name="runScenario" description="Runs Cucumber Scenarios" data-provider="scenarios" finished-at="2025-03-19T09:43:17 IST" duration-ms="19423" status="FAIL">
          <params>
            <param index="0">
              <value>
                <![CDATA["Successfully scheduling a future-dated bill payment"]]>
              </value>
            </param>
            <param index="1">
              <value>
                <![CDATA["Schedule a Future Bill Payment"]]>
              </value>
            </param>
          </params>
          <exception class="java.lang.AssertionError">
            <message>
              <![CDATA[expected [The payment was successfully submitted.] but found [The bill payment has been scheduled successfully.]]]>
            </message>
            <full-stacktrace>
              <![CDATA[java.lang.AssertionError: expected [The payment was successfully submitted.] but found [The bill payment has been scheduled successfully.]
at org.testng.Assert.fail(Assert.java:99)
at org.testng.Assert.failNotEquals(Assert.java:1037)
at org.testng.Assert.assertEqualsImpl(Assert.java:140)
at org.testng.Assert.assertEquals(Assert.java:122)
at org.testng.Assert.assertEquals(Assert.java:629)
at org.testng.Assert.assertEquals(Assert.java:639)
at stepDefinitions.FuturePayBillSteps.user_should_see_success_message(FuturePayBillSteps.java:81)
at ✽.User should see a confirmation message "The bill payment has been scheduled successfully."(file:///C:/Users/dpraj/OneDrive/Desktop/Zero_Bank_demo/Zero_Capston_Project_demo/src/test/resources/features/FuturePayBill.feature:11)
]]>
            </full-stacktrace>
          </exception> <!-- java.lang.AssertionError -->
          <reporter-output>
          </reporter-output>
        </test-method> <!-- runScenario -->
        <test-method signature="runScenario(io.cucumber.testng.PickleWrapper,io.cucumber.testng.FeatureWrapper)[pri:0, instance:runners.TestRunner@f5958c9]" started-at="2025-03-19T09:43:17 IST" name="runScenario" description="Runs Cucumber Scenarios" data-provider="scenarios" finished-at="2025-03-19T09:43:28 IST" duration-ms="11639" status="PASS">
          <params>
            <param index="0">
              <value>
                <![CDATA["Successful Login"]]>
              </value>
            </param>
            <param index="1">
              <value>
                <![CDATA["Login Functionality"]]>
              </value>
            </param>
          </params>
          <reporter-output>
          </reporter-output>
        </test-method> <!-- runScenario -->
        <test-method signature="runScenario(io.cucumber.testng.PickleWrapper,io.cucumber.testng.FeatureWrapper)[pri:0, instance:runners.TestRunner@f5958c9]" started-at="2025-03-19T09:43:28 IST" name="runScenario" description="Runs Cucumber Scenarios" data-provider="scenarios" finished-at="2025-03-19T09:43:43 IST" duration-ms="14615" status="PASS">
          <params>
            <param index="0">
              <value>
                <![CDATA["Successful logout from Zero Bank"]]>
              </value>
            </param>
            <param index="1">
              <value>
                <![CDATA["User Logout"]]>
              </value>
            </param>
          </params>
          <reporter-output>
          </reporter-output>
        </test-method> <!-- runScenario -->
        <test-method signature="runScenario(io.cucumber.testng.PickleWrapper,io.cucumber.testng.FeatureWrapper)[pri:0, instance:runners.TestRunner@f5958c9]" started-at="2025-03-19T09:43:43 IST" name="runScenario" description="Runs Cucumber Scenarios" data-provider="scenarios" finished-at="2025-03-19T09:44:00 IST" duration-ms="17262" status="FAIL">
          <params>
            <param index="0">
              <value>
                <![CDATA["Attempt to transfer a negative amount"]]>
              </value>
            </param>
            <param index="1">
              <value>
                <![CDATA["Negative Amount Fund Transfer"]]>
              </value>
            </param>
          </params>
          <exception class="java.lang.AssertionError">
            <message>
              <![CDATA[Error message mismatch! expected [true] but found [false]]]>
            </message>
            <full-stacktrace>
              <![CDATA[java.lang.AssertionError: Error message mismatch! expected [true] but found [false]
at org.testng.Assert.fail(Assert.java:99)
at org.testng.Assert.failNotEquals(Assert.java:1037)
at org.testng.Assert.assertTrue(Assert.java:45)
at stepDefinitions.NegativeAmountSteps.user_should_see_the_error_message_negative_amount(NegativeAmountSteps.java:81)
at ✽.User should see the error message "Invalid amount entered" for negative amount transfer(file:///C:/Users/dpraj/OneDrive/Desktop/Zero_Bank_demo/Zero_Capston_Project_demo/src/test/resources/features/NegativeAmount.feature:11)
]]>
            </full-stacktrace>
          </exception> <!-- java.lang.AssertionError -->
          <reporter-output>
          </reporter-output>
        </test-method> <!-- runScenario -->
        <test-method signature="runScenario(io.cucumber.testng.PickleWrapper,io.cucumber.testng.FeatureWrapper)[pri:0, instance:runners.TestRunner@f5958c9]" started-at="2025-03-19T09:44:00 IST" name="runScenario" description="Runs Cucumber Scenarios" data-provider="scenarios" finished-at="2025-03-19T09:44:19 IST" duration-ms="19089" status="PASS">
          <params>
            <param index="0">
              <value>
                <![CDATA["Successful fund transfer between accounts"]]>
              </value>
            </param>
            <param index="1">
              <value>
                <![CDATA["PayBill Functionality"]]>
              </value>
            </param>
          </params>
          <reporter-output>
          </reporter-output>
        </test-method> <!-- runScenario -->
        <test-method signature="runScenario(io.cucumber.testng.PickleWrapper,io.cucumber.testng.FeatureWrapper)[pri:0, instance:runners.TestRunner@f5958c9]" started-at="2025-03-19T09:44:19 IST" name="runScenario" description="Runs Cucumber Scenarios" data-provider="scenarios" finished-at="2025-03-19T09:44:38 IST" duration-ms="18810" status="PASS">
          <params>
            <param index="0">
              <value>
                <![CDATA["Attempting to pay a bill without entering the amount"]]>
              </value>
            </param>
            <param index="1">
              <value>
                <![CDATA["Pay Bills Without Entering Amount"]]>
              </value>
            </param>
          </params>
          <reporter-output>
          </reporter-output>
        </test-method> <!-- runScenario -->
        <test-method signature="runScenario(io.cucumber.testng.PickleWrapper,io.cucumber.testng.FeatureWrapper)[pri:0, instance:runners.TestRunner@f5958c9]" started-at="2025-03-19T09:44:38 IST" name="runScenario" description="Runs Cucumber Scenarios" data-provider="scenarios" finished-at="2025-03-19T09:44:56 IST" duration-ms="18151" status="PASS">
          <params>
            <param index="0">
              <value>
                <![CDATA["Verify user session expires after logout"]]>
              </value>
            </param>
            <param index="1">
              <value>
                <![CDATA["Session Expiry After Logout"]]>
              </value>
            </param>
          </params>
          <reporter-output>
          </reporter-output>
        </test-method> <!-- runScenario -->
        <test-method signature="runScenario(io.cucumber.testng.PickleWrapper,io.cucumber.testng.FeatureWrapper)[pri:0, instance:runners.TestRunner@f5958c9]" started-at="2025-03-19T09:44:56 IST" name="runScenario" description="Runs Cucumber Scenarios" data-provider="scenarios" finished-at="2025-03-19T09:45:15 IST" duration-ms="18157" status="PASS">
          <params>
            <param index="0">
              <value>
                <![CDATA["User downloads an account statement"]]>
              </value>
            </param>
            <param index="1">
              <value>
                <![CDATA["Download Account Statement"]]>
              </value>
            </param>
          </params>
          <reporter-output>
          </reporter-output>
        </test-method> <!-- runScenario -->
        <test-method signature="runScenario(io.cucumber.testng.PickleWrapper,io.cucumber.testng.FeatureWrapper)[pri:0, instance:runners.TestRunner@f5958c9]" started-at="2025-03-19T09:45:15 IST" name="runScenario" description="Runs Cucumber Scenarios" data-provider="scenarios" finished-at="2025-03-19T09:45:33 IST" duration-ms="18480" status="PASS">
          <params>
            <param index="0">
              <value>
                <![CDATA["Successful fund transfer between accounts"]]>
              </value>
            </param>
            <param index="1">
              <value>
                <![CDATA["Fund Transfer Functionality"]]>
              </value>
            </param>
          </params>
          <reporter-output>
          </reporter-output>
        </test-method> <!-- runScenario -->
        <test-method signature="runScenario(io.cucumber.testng.PickleWrapper,io.cucumber.testng.FeatureWrapper)[pri:0, instance:runners.TestRunner@f5958c9]" started-at="2025-03-19T09:45:33 IST" name="runScenario" description="Runs Cucumber Scenarios" data-provider="scenarios" finished-at="2025-03-19T09:45:53 IST" duration-ms="19609" status="PASS">
          <params>
            <param index="0">
              <value>
                <![CDATA["Add Payee with Missing Details"]]>
              </value>
            </param>
            <param index="1">
              <value>
                <![CDATA["Add New Payee"]]>
              </value>
            </param>
          </params>
          <reporter-output>
          </reporter-output>
        </test-method> <!-- runScenario -->
        <test-method signature="runScenario(io.cucumber.testng.PickleWrapper,io.cucumber.testng.FeatureWrapper)[pri:0, instance:runners.TestRunner@f5958c9]" started-at="2025-03-19T09:45:53 IST" name="runScenario" description="Runs Cucumber Scenarios" data-provider="scenarios" finished-at="2025-03-19T09:45:58 IST" duration-ms="5366" status="PASS">
          <params>
            <param index="0">
              <value>
                <![CDATA["User enters incorrect credentials"]]>
              </value>
            </param>
            <param index="1">
              <value>
                <![CDATA["Invalid Login"]]>
              </value>
            </param>
          </params>
          <reporter-output>
          </reporter-output>
        </test-method> <!-- runScenario -->
        <test-method is-config="true" signature="tearDownClass()[pri:0, instance:runners.TestRunner@f5958c9]" started-at="2025-03-19T09:45:58 IST" name="tearDownClass" finished-at="2025-03-19T09:45:58 IST" duration-ms="17" status="PASS">
          <reporter-output>
          </reporter-output>
        </test-method> <!-- tearDownClass -->
      </class> <!-- runners.TestRunner -->
    </test> <!-- ZeroBank Tests -->
  </suite> <!-- Cucumber Test Suite -->
</testng-results>
